[2014-02-28 19:22:40.987] [ERROR] console - Error: listen EADDRINUSE
    at errnoException (net.js:901:11)
    at Server._listen2 (net.js:1039:14)
    at listen (net.js:1061:10)
    at Server.listen (net.js:1127:5)
    at Function.app.listen (D:\node\express_fdserver\node_modules\express\lib\application.js:533:24)
    at Object.startup [as start] (D:\node\express_fdserver\server\index.js:50:10)
    at Object.<anonymous> (D:\node\express_fdserver\start.js:10:8)
    at Module._compile (module.js:456:26)
    at Object.Module._extensions..js (module.js:474:10)
    at Object..js (C:\Documents and Settings\sina\Application Data\npm\node_modules\node-dev\lib\hook.js:52:17)
[2014-02-28 19:22:41.572] [DEBUG] vhosts - vhosts update
[2014-02-28 19:22:41.580] [ERROR] vhosts - { [Error: listen EADDRINUSE] code: 'EADDRINUSE', errno: 'EADDRINUSE', syscall: 'listen' }
Error: listen EADDRINUSE
    at errnoException (net.js:901:11)
    at Server._listen2 (net.js:1039:14)
    at listen (net.js:1061:10)
    at Server.listen (net.js:1127:5)
    at route (D:\node\express_fdserver\server\route.js:80:12)
    at Object.start (D:\node\express_fdserver\server\route.js:43:5)
    at routeStart (D:\node\express_fdserver\server\vhosts.js:177:11)
    at update (D:\node\express_fdserver\server\vhosts.js:153:13)
    at vhosts (D:\node\express_fdserver\server\vhosts.js:229:26)
    at process.<anonymous> (D:\node\express_fdserver\server\vhosts.js:234:5)
[2014-02-28 19:23:16.782] [ERROR] console - Error: listen EADDRINUSE
    at errnoException (net.js:901:11)
    at Server._listen2 (net.js:1039:14)
    at listen (net.js:1061:10)
    at Server.listen (net.js:1127:5)
    at Function.app.listen (D:\node\express_fdserver\node_modules\express\lib\application.js:533:24)
    at Object.startup [as start] (D:\node\express_fdserver\server\index.js:50:10)
    at Object.<anonymous> (D:\node\express_fdserver\start.js:10:8)
    at Module._compile (module.js:456:26)
    at Object.Module._extensions..js (module.js:474:10)
    at Object..js (C:\Documents and Settings\sina\Application Data\npm\node_modules\node-dev\lib\hook.js:52:17)
[2014-02-28 19:23:17.305] [DEBUG] vhosts - vhosts update
[2014-02-28 19:23:17.312] [ERROR] vhosts - { [Error: listen EADDRINUSE] code: 'EADDRINUSE', errno: 'EADDRINUSE', syscall: 'listen' }
Error: listen EADDRINUSE
    at errnoException (net.js:901:11)
    at Server._listen2 (net.js:1039:14)
    at listen (net.js:1061:10)
    at Server.listen (net.js:1127:5)
    at route (D:\node\express_fdserver\server\route.js:80:12)
    at Object.start (D:\node\express_fdserver\server\route.js:43:5)
    at routeStart (D:\node\express_fdserver\server\vhosts.js:177:11)
    at update (D:\node\express_fdserver\server\vhosts.js:153:13)
    at vhosts (D:\node\express_fdserver\server\vhosts.js:229:26)
    at process.<anonymous> (D:\node\express_fdserver\server\vhosts.js:234:5)
[2014-02-28 19:25:29.723] [INFO] operate - 服务已经启动
[2014-02-28 19:25:41.457] [INFO] operate - 服务已经关闭
[2014-02-28 19:25:55.624] [DEBUG] vhosts - vhosts update
[2014-02-28 19:25:55.650] [INFO] vhosts - 路由已启用！
[2014-02-28 19:25:55.846] [INFO] vhosts - set hosts successfully! www.sina-fds.com
[2014-02-28 19:26:09.147] [INFO] vhosts - The vhosts process will be closed~! by SIGINT
[2014-02-28 19:26:09.143] [INFO] operate - The service will be closed~! by SIGINT
[2014-02-28 19:26:09.158] [DEBUG] vhosts - vhosts exit
[2014-02-28 19:26:09.182] [INFO] vhosts - remove hosts successfully! www.sina-fds.com
[2014-02-28 19:26:09.266] [INFO] vhosts - The vhosts process has exited~!
[2014-02-28 19:26:10.247] [INFO] operate - The service process has exited~!
[2014-02-28 19:34:07.517] [DEBUG] vhosts - vhosts update
[2014-02-28 19:34:07.539] [INFO] vhosts - 路由已启用！
[2014-02-28 19:34:07.575] [INFO] vhosts - set hosts successfully! www.sina-fds.com
[2014-02-28 19:34:15.468] [INFO] console - {"vhost":{},"proxy":{},"name":""}
[2014-02-28 19:44:22.876] [DEBUG] vhosts - vhosts update
[2014-02-28 19:44:22.892] [INFO] vhosts - 路由已启用！
[2014-02-28 19:44:22.920] [INFO] vhosts - set hosts successfully! www.sina-fds.com
[2014-02-28 19:46:33.259] [DEBUG] vhosts - vhosts update
[2014-02-28 19:46:33.273] [INFO] vhosts - 路由已启用！
[2014-02-28 19:46:33.296] [INFO] vhosts - set hosts successfully! www.sina-fds.com
[2014-02-28 19:47:03.211] [DEBUG] vhosts - vhosts update
[2014-02-28 19:47:03.225] [INFO] vhosts - 路由已启用！
[2014-02-28 19:47:03.246] [INFO] vhosts - set hosts successfully! www.sina-fds.com
[2014-02-28 19:48:05.288] [DEBUG] vhosts - vhosts update
[2014-02-28 19:48:05.305] [INFO] vhosts - 路由已启用！
[2014-02-28 19:48:05.327] [INFO] vhosts - set hosts successfully! www.sina-fds.com
[2014-02-28 19:48:06.363] [INFO] uipage - {"vhost":{},"proxy":{},"name":""}
[2014-02-28 19:48:06.371] [INFO] uipage - {"vhost":{},"proxy":{},"port":8989}
[2014-02-28 19:49:09.121] [ERROR] console - Error: ENOENT, open 'D:\node\express_fdserver\log\uipage\uipage.log'
[2014-02-28 19:49:09.762] [DEBUG] vhosts - vhosts update
[2014-02-28 19:49:09.775] [INFO] vhosts - 路由已启用！
[2014-02-28 19:49:09.782] [ERROR] console - Error: ENOENT, open 'D:\node\express_fdserver\log\uipage\uipage.log'
[2014-02-28 19:49:09.799] [INFO] vhosts - set hosts successfully! www.sina-fds.com
[2014-02-28 19:49:52.902] [ERROR] console - Error: ENOENT, open 'D:\node\express_fdserver\log\uipage\uipage.log'
[2014-02-28 19:49:53.432] [DEBUG] vhosts - vhosts update
[2014-02-28 19:49:53.444] [INFO] vhosts - 路由已启用！
[2014-02-28 19:49:53.451] [ERROR] console - Error: ENOENT, open 'D:\node\express_fdserver\log\uipage\uipage.log'
[2014-02-28 19:49:53.470] [INFO] vhosts - set hosts successfully! www.sina-fds.com
[2014-02-28 19:50:23.558] [ERROR] console - Error: ENOENT, open 'D:\node\express_fdserver\log\uipage\uipage.log'
[2014-02-28 19:50:24.190] [DEBUG] vhosts - vhosts update
[2014-02-28 19:50:24.203] [INFO] vhosts - 路由已启用！
[2014-02-28 19:50:24.208] [ERROR] console - Error: ENOENT, open 'D:\node\express_fdserver\log\uipage\uipage.log'
[2014-02-28 19:50:24.222] [INFO] vhosts - set hosts successfully! www.sina-fds.com
[2014-02-28 19:52:44.911] [DEBUG] vhosts - vhosts update
[2014-02-28 19:52:44.926] [INFO] vhosts - 路由已启用！
[2014-02-28 19:52:44.947] [INFO] vhosts - set hosts successfully! www.sina-fds.com
[2014-02-28 19:52:45.145] [INFO] uipage - {"vhost":{},"proxy":{},"name":""}
[2014-02-28 19:52:45.153] [INFO] uipage - {"vhost":{},"proxy":{},"port":8989}
[2014-02-28 19:52:46.262] [INFO] uipage - {"vhost":{},"proxy":{},"name":""}
[2014-02-28 19:52:46.264] [INFO] uipage - {"vhost":{},"proxy":{},"port":8989}
[2014-02-28 19:52:46.792] [INFO] uipage - {"vhost":{},"proxy":{},"name":""}
[2014-02-28 19:52:46.794] [INFO] uipage - {"vhost":{},"proxy":{},"port":8989}
[2014-02-28 19:52:47.083] [INFO] uipage - {"vhost":{},"proxy":{},"name":""}
[2014-02-28 19:52:47.084] [INFO] uipage - {"vhost":{},"proxy":{},"port":8989}
[2014-02-28 19:52:47.333] [INFO] uipage - {"vhost":{},"proxy":{},"name":""}
[2014-02-28 19:52:47.335] [INFO] uipage - {"vhost":{},"proxy":{},"port":8989}
[2014-02-28 19:52:47.493] [INFO] uipage - {"vhost":{},"proxy":{},"name":""}
[2014-02-28 19:52:47.494] [INFO] uipage - {"vhost":{},"proxy":{},"port":8989}
[2014-02-28 19:52:49.200] [INFO] uipage - {"vhost":{},"proxy":{},"name":""}
[2014-02-28 19:52:49.203] [INFO] uipage - {"vhost":{},"proxy":{},"port":8989}
[2014-02-28 19:52:49.463] [INFO] uipage - {"vhost":{},"proxy":{},"name":""}
[2014-02-28 19:52:49.464] [INFO] uipage - {"vhost":{},"proxy":{},"port":8989}
[2014-02-28 19:53:59.988] [DEBUG] vhosts - vhosts update
[2014-02-28 19:54:00.004] [INFO] vhosts - 路由已启用！
[2014-02-28 19:54:00.026] [INFO] vhosts - set hosts successfully! www.sina-fds.com
[2014-02-28 19:54:23.397] [DEBUG] vhosts - vhosts update
[2014-02-28 19:54:23.429] [INFO] vhosts - 路由已启用！
[2014-02-28 19:54:23.465] [INFO] vhosts - set hosts successfully! www.sina-fds.com
[2014-02-28 19:54:23.664] [INFO] uipage - {"vhost":{},"proxy":{},"name":""}
[2014-02-28 19:54:23.672] [INFO] uipage - {"vhost":{},"proxy":{},"port":8989}
[2014-02-28 19:54:24.478] [INFO] uipage - {"vhost":{},"proxy":{},"name":""}
[2014-02-28 19:54:24.480] [INFO] uipage - {"vhost":{},"proxy":{},"port":8989}
[2014-02-28 19:55:22.579] [DEBUG] vhosts - vhosts update
[2014-02-28 19:55:22.596] [INFO] vhosts - 路由已启用！
[2014-02-28 19:55:22.616] [INFO] vhosts - set hosts successfully! www.sina-fds.com
[2014-02-28 19:55:59.634] [DEBUG] vhosts - vhosts update
[2014-02-28 19:55:59.653] [INFO] vhosts - 路由已启用！
[2014-02-28 19:55:59.676] [INFO] vhosts - set hosts successfully! www.sina-fds.com
[2014-02-28 19:57:48.499] [DEBUG] vhosts - vhosts update
[2014-02-28 19:57:48.511] [INFO] vhosts - 路由已启用！
[2014-02-28 19:57:48.530] [INFO] vhosts - set hosts successfully! www.sina-fds.com
[2014-02-28 19:57:58.607] [INFO] uipage - {"vhost":{},"proxy":{},"name":""}
[2014-02-28 19:57:58.613] [INFO] uipage - {"vhost":{},"proxy":{},"port":8989}
[2014-02-28 19:57:58.617] [INFO] uipage - It's saved!
[2014-02-28 19:57:58.618] [INFO] uipage - It's saved!
[2014-02-28 19:58:03.055] [DEBUG] operate - config file update~! D:\node\express_fdserver\config.json
[2014-02-28 19:58:03.063] [DEBUG] vhosts - vhosts update
[2014-02-28 19:58:03.067] [WARN] vhosts - static-server start fail~! path: undefined, err: static-server: 指定路径不合法~！11
[2014-02-28 19:58:58.229] [DEBUG] vhosts - vhosts update
[2014-02-28 19:58:58.239] [WARN] vhosts - static-server start fail~! path: undefined, err: static-server: 指定路径不合法~！11
[2014-02-28 19:58:58.261] [INFO] vhosts - 路由已启用！
[2014-02-28 19:58:58.293] [INFO] vhosts - set hosts successfully! www.sina-fds.com
[2014-03-03 11:35:45.108] [INFO] operate - 服务已经启动
[2014-03-03 16:31:19.619] [INFO] operate - 服务已经启动
[2014-03-03 16:31:30.461] [INFO] operate - 服务已经关闭
[2014-03-03 16:31:32.990] [INFO] operate - 服务已经启动
[2014-03-03 16:32:24.242] [INFO] operate - install~!
[2014-03-03 16:32:29.382] [INFO] operate - 服务已注册，开启启动...
[2014-03-03 16:32:29.696] [INFO] operate - [worker8177]Server running at http://127.0.0.1:8123/
[2014-03-03 16:32:29.778] [INFO] operate - 请求: /?type=start
[2014-03-03 16:32:30.148] [DEBUG] vhosts - vhosts update
[2014-03-03 16:32:30.156] [INFO] vhosts - 路由已启用！
[2014-03-03 16:32:30.182] [INFO] vhosts - set hosts successfully! www.sina-fds.com
[2014-03-03 16:32:32.648] [INFO] uipage - {"vhost":{},"proxy":{},"name":""}
[2014-03-03 16:32:32.652] [INFO] uipage - {"vhost":{},"proxy":{},"port":8989}
[2014-03-03 16:33:02.785] [INFO] uipage - {"vhost":{},"proxy":{},"name":""}
[2014-03-03 16:33:02.794] [INFO] uipage - It's saved!
[2014-03-03 16:33:03.721] [INFO] uipage - {"vhost":{},"proxy":{},"name":["group1"]}
[2014-03-03 16:33:03.730] [INFO] uipage - It's saved!
[2014-03-03 16:33:04.657] [INFO] uipage - {"vhost":{},"proxy":{},"name":["group1","group2"]}
[2014-03-03 16:33:04.664] [INFO] uipage - It's saved!
[2014-03-03 16:33:05.369] [INFO] uipage - {"vhost":{},"proxy":{},"name":["group1","group2","group3"]}
[2014-03-03 16:33:05.376] [INFO] uipage - It's saved!
[2014-03-03 16:33:08.466] [INFO] uipage - {"vhost":{},"proxy":{},"name":["group1","group2","group3","group4"]}
[2014-03-03 16:33:08.466] [INFO] uipage - {"vhost":{},"proxy":{},"port":8989}
[2014-03-03 16:33:10.304] [INFO] uipage - {"vhost":{},"proxy":{},"name":["group1","group2","group3","group4"]}
[2014-03-03 16:33:10.311] [INFO] uipage - It's saved!
[2014-03-03 16:33:17.110] [INFO] uipage - {"vhost":{},"proxy":{},"name":["group1","group2","group3","group4","group1"]}
[2014-03-03 16:33:17.111] [INFO] uipage - {"vhost":{},"proxy":{},"port":8989}
[2014-03-03 16:51:20.542] [INFO] uipage - {"vhost":{},"proxy":{},"name":["group1","group2","group3","group4","group1"]}
[2014-03-03 16:51:20.542] [INFO] uipage - {"vhost":{},"proxy":{},"port":8989}
[2014-03-03 16:51:41.657] [INFO] uipage - {"vhost":{},"proxy":{},"name":["group1","group2","group3","group4","group1"]}
[2014-03-03 16:51:41.660] [INFO] uipage - {"vhost":{},"proxy":{},"port":8989}
[2014-03-03 16:51:54.067] [INFO] uipage - {"vhost":{},"proxy":{},"name":["group1","group2","group3","group4","group1"]}
[2014-03-03 16:51:54.067] [INFO] uipage - {"vhost":{},"proxy":{},"port":8989}
[2014-03-03 16:52:26.721] [INFO] uipage - {"vhost":{},"proxy":{},"name":["group1","group2","group3","group4","group1"]}
[2014-03-03 16:52:26.722] [INFO] uipage - {"vhost":{},"proxy":{},"port":8989}
[2014-03-03 16:52:40.020] [INFO] uipage - {"vhost":{},"proxy":{},"name":["group1","group2","group3","group4","group1"]}
[2014-03-03 16:52:40.027] [INFO] uipage - It's saved!
[2014-03-03 16:53:02.501] [INFO] uipage - {"vhost":{},"proxy":{},"name":["group1","group2","group3","group4","group1","group1"]}
[2014-03-03 16:53:02.501] [INFO] uipage - {"vhost":{},"proxy":{},"port":8989}
[2014-03-03 16:53:20.611] [INFO] uipage - {"vhost":{},"proxy":{},"name":["group1","group2","group3","group4","group1","group1"]}
[2014-03-03 16:53:20.612] [INFO] uipage - {"vhost":{},"proxy":{},"port":8989}
[2014-03-03 16:54:32.028] [INFO] uipage - {"vhost":{},"proxy":{},"name":["group1","group2","group3","group4","group1","group1"]}
[2014-03-03 16:54:32.030] [INFO] uipage - {"vhost":{},"proxy":{},"port":8989}
[2014-03-03 16:55:07.246] [INFO] operate - 请求: /?type=stop
[2014-03-03 16:55:07.248] [INFO] operate - The service will be closed~! by message[exit]
[2014-03-03 16:55:07.248] [DEBUG] vhosts - vhosts exit
[2014-03-03 16:55:07.249] [INFO] vhosts - The vhosts process will be closed~! by exit
[2014-03-03 16:55:07.249] [INFO] operate - 服务已经关闭
[2014-03-03 16:55:07.263] [INFO] vhosts - remove hosts successfully! www.sina-fds.com
[2014-03-03 16:55:07.351] [INFO] vhosts - The vhosts process has exited~!
[2014-03-03 16:55:07.765] [INFO] operate - The service process has exited~!
[2014-03-03 16:55:10.414] [INFO] operate - 请求: /?type=start
[2014-03-03 16:55:10.426] [INFO] operate - 服务已经启动
[2014-03-03 16:55:24.102] [INFO] operate - 请求: /?type=start
[2014-03-03 16:55:24.111] [INFO] operate - 服务已经启动
[2014-03-03 16:55:35.583] [INFO] operate - 请求: /?type=start
[2014-03-03 16:55:35.590] [INFO] operate - 服务已经启动
[2014-03-03 16:56:14.164] [INFO] operate - fd-Server uninstall~!
[2014-03-03 16:56:18.848] [INFO] operate - install~!
[2014-03-03 16:56:22.584] [INFO] operate - 服务已注册，开启启动...
[2014-03-03 16:56:22.885] [INFO] operate - [worker8276]Server running at http://127.0.0.1:8123/
[2014-03-03 16:56:22.981] [INFO] operate - 请求: /?type=start
[2014-03-03 16:56:42.989] [INFO] operate - 请求: /?type=start
[2014-03-03 16:56:42.996] [INFO] operate - 服务已经启动
[2014-03-03 16:56:47.971] [INFO] operate - fd-Server uninstall~!
[2014-03-03 16:56:52.501] [INFO] operate - install~!
[2014-03-03 16:56:56.658] [INFO] operate - 服务已注册，开启启动...
[2014-03-03 16:56:56.970] [INFO] operate - [worker8293]Server running at http://127.0.0.1:8123/
[2014-03-03 16:56:57.054] [INFO] operate - 请求: /?type=start
[2014-03-03 16:58:09.600] [INFO] operate - 请求: /?type=start
[2014-03-03 16:58:09.608] [INFO] operate - 服务已经启动
[2014-03-03 17:01:45.100] [INFO] operate - 请求: /?type=stop
[2014-03-03 17:01:45.107] [INFO] operate - [master] worker 8293 died
[2014-03-03 17:01:45.108] [INFO] operate - Got error: socket hang up
[2014-03-03 17:01:45.218] [INFO] operate - [worker8322]Server running at http://127.0.0.1:8123/
[2014-03-03 17:01:51.008] [INFO] operate - 请求: /?type=start
[2014-03-03 17:01:51.018] [INFO] operate - 服务已经启动
[2014-03-03 17:02:00.319] [INFO] operate - 请求: /?type=stop
[2014-03-03 17:02:00.327] [INFO] operate - [master] worker 8322 died
[2014-03-03 17:02:00.326] [INFO] operate - Got error: socket hang up
[2014-03-03 17:02:00.422] [INFO] operate - [worker8328]Server running at http://127.0.0.1:8123/
[2014-03-03 17:02:18.202] [INFO] operate - 请求: /?type=stop
[2014-03-03 17:02:18.208] [INFO] operate - 服务已经关闭
[2014-03-03 17:02:20.268] [INFO] operate - 请求: /?type=start
[2014-03-03 17:02:20.275] [INFO] operate - 服务已经启动
[2014-03-03 17:02:30.484] [INFO] operate - 请求: /?type=start
[2014-03-03 17:02:30.492] [INFO] operate - 服务已经启动
[2014-03-03 17:02:36.520] [INFO] operate - 请求: /?type=stop
[2014-03-03 17:02:36.533] [INFO] operate - [master] worker 8328 died
[2014-03-03 17:02:36.535] [INFO] operate - Got error: socket hang up
[2014-03-03 17:02:36.631] [INFO] operate - [worker8344]Server running at http://127.0.0.1:8123/
[2014-03-03 17:02:40.332] [INFO] operate - 请求: /?type=stop
[2014-03-03 17:02:40.337] [INFO] operate - 服务已经关闭
[2014-03-03 17:02:43.531] [INFO] operate - 请求: /?type=start
[2014-03-03 17:02:43.538] [INFO] operate - 服务已经启动
[2014-03-03 17:03:26.001] [INFO] operate - 请求: /?type=stop
[2014-03-03 17:03:26.008] [INFO] operate - [master] worker 8344 died
[2014-03-03 17:03:26.009] [INFO] operate - Got error: socket hang up
[2014-03-03 17:03:26.112] [INFO] operate - [worker8354]Server running at http://127.0.0.1:8123/
[2014-03-03 17:03:27.853] [INFO] operate - 请求: /?type=stop
[2014-03-03 17:03:27.859] [INFO] operate - 服务已经关闭
[2014-03-03 17:03:30.537] [INFO] operate - 请求: /?type=start
[2014-03-03 17:03:30.537] [INFO] operate - /Users/chenchen/fuqiang/dev/express_fdserver/server/
[2014-03-03 17:03:30.548] [INFO] operate - 服务已经启动
[2014-03-03 17:04:34.468] [INFO] operate - 请求: /?type=start
[2014-03-03 17:04:34.476] [INFO] operate - 服务已经启动
[2014-03-03 17:04:35.696] [INFO] operate - 请求: /?type=start
[2014-03-03 17:04:35.698] [INFO] operate - 服务已经启动
[2014-03-03 17:04:38.299] [INFO] operate - 请求: /?type=stop
[2014-03-03 17:04:38.305] [INFO] operate - [master] worker 8354 died
[2014-03-03 17:04:38.307] [INFO] operate - Got error: socket hang up
[2014-03-03 17:04:38.398] [INFO] operate - /Users/chenchen/fuqiang/dev/express_fdserver/server/start.js
[2014-03-03 17:04:38.403] [INFO] operate - [worker8384]Server running at http://127.0.0.1:8123/
[2014-03-03 17:04:39.299] [INFO] operate - 请求: /?type=stop
[2014-03-03 17:04:39.305] [INFO] operate - 服务已经关闭
[2014-03-03 17:04:41.587] [INFO] operate - 请求: /?type=stop
[2014-03-03 17:04:41.594] [INFO] operate - 服务已经关闭
[2014-03-03 17:04:44.436] [INFO] operate - 请求: /?type=start
[2014-03-03 17:04:44.449] [INFO] operate - 服务已经启动
[2014-03-03 17:05:40.148] [INFO] operate - 请求: /?type=start
[2014-03-03 17:05:40.156] [INFO] operate - 服务已经启动
[2014-03-03 17:05:43.409] [INFO] operate - 请求: /?type=stop
[2014-03-03 17:05:43.423] [INFO] operate - [master] worker 8384 died
[2014-03-03 17:05:43.425] [INFO] operate - Got error: socket hang up
[2014-03-03 17:05:43.527] [INFO] operate - [worker8407]Server running at http://127.0.0.1:8123/
[2014-03-03 17:05:44.920] [INFO] operate - 请求: /?type=stop
[2014-03-03 17:05:44.925] [INFO] operate - 服务已经关闭
[2014-03-03 17:05:47.383] [INFO] operate - 请求: /?type=start
[2014-03-03 17:05:47.395] [INFO] operate - 服务已经启动
[2014-03-03 17:05:47.722] [DEBUG] vhosts - vhosts update
[2014-03-03 17:05:47.730] [INFO] vhosts - 路由已启用！
[2014-03-03 17:05:47.744] [INFO] vhosts - set hosts successfully! www.sina-fds.com
[2014-03-03 17:05:49.805] [INFO] uipage - {"vhost":{},"proxy":{},"name":["group1","group2","group3","group4","group1","group1"]}
[2014-03-03 17:05:49.809] [INFO] uipage - {"vhost":{},"proxy":{},"port":8989}
