[2014-02-28 19:54:23.664] [INFO] uipage - {"vhost":{},"proxy":{},"name":""}
[2014-02-28 19:54:23.672] [INFO] uipage - {"vhost":{},"proxy":{},"port":8989}
[2014-02-28 19:54:24.478] [INFO] uipage - {"vhost":{},"proxy":{},"name":""}
[2014-02-28 19:54:24.480] [INFO] uipage - {"vhost":{},"proxy":{},"port":8989}
[2014-02-28 19:57:58.607] [INFO] uipage - {"vhost":{},"proxy":{},"name":""}
[2014-02-28 19:57:58.613] [INFO] uipage - {"vhost":{},"proxy":{},"port":8989}
[2014-02-28 19:57:58.617] [INFO] uipage - It's saved!
[2014-02-28 19:57:58.618] [INFO] uipage - It's saved!
[2014-03-03 16:32:32.648] [INFO] uipage - {"vhost":{},"proxy":{},"name":""}
[2014-03-03 16:32:32.652] [INFO] uipage - {"vhost":{},"proxy":{},"port":8989}
[2014-03-03 16:33:02.785] [INFO] uipage - {"vhost":{},"proxy":{},"name":""}
[2014-03-03 16:33:02.794] [INFO] uipage - It's saved!
[2014-03-03 16:33:03.721] [INFO] uipage - {"vhost":{},"proxy":{},"name":["group1"]}
[2014-03-03 16:33:03.730] [INFO] uipage - It's saved!
[2014-03-03 16:33:04.657] [INFO] uipage - {"vhost":{},"proxy":{},"name":["group1","group2"]}
[2014-03-03 16:33:04.664] [INFO] uipage - It's saved!
[2014-03-03 16:33:05.369] [INFO] uipage - {"vhost":{},"proxy":{},"name":["group1","group2","group3"]}
[2014-03-03 16:33:05.376] [INFO] uipage - It's saved!
[2014-03-03 16:33:08.466] [INFO] uipage - {"vhost":{},"proxy":{},"name":["group1","group2","group3","group4"]}
[2014-03-03 16:33:08.466] [INFO] uipage - {"vhost":{},"proxy":{},"port":8989}
[2014-03-03 16:33:10.304] [INFO] uipage - {"vhost":{},"proxy":{},"name":["group1","group2","group3","group4"]}
[2014-03-03 16:33:10.311] [INFO] uipage - It's saved!
[2014-03-03 16:33:17.110] [INFO] uipage - {"vhost":{},"proxy":{},"name":["group1","group2","group3","group4","group1"]}
[2014-03-03 16:33:17.111] [INFO] uipage - {"vhost":{},"proxy":{},"port":8989}
[2014-03-03 16:51:20.542] [INFO] uipage - {"vhost":{},"proxy":{},"name":["group1","group2","group3","group4","group1"]}
[2014-03-03 16:51:20.542] [INFO] uipage - {"vhost":{},"proxy":{},"port":8989}
[2014-03-03 16:51:41.657] [INFO] uipage - {"vhost":{},"proxy":{},"name":["group1","group2","group3","group4","group1"]}
[2014-03-03 16:51:41.660] [INFO] uipage - {"vhost":{},"proxy":{},"port":8989}
[2014-03-03 16:51:54.067] [INFO] uipage - {"vhost":{},"proxy":{},"name":["group1","group2","group3","group4","group1"]}
[2014-03-03 16:51:54.067] [INFO] uipage - {"vhost":{},"proxy":{},"port":8989}
[2014-03-03 16:52:26.721] [INFO] uipage - {"vhost":{},"proxy":{},"name":["group1","group2","group3","group4","group1"]}
[2014-03-03 16:52:26.722] [INFO] uipage - {"vhost":{},"proxy":{},"port":8989}
[2014-03-03 16:52:40.020] [INFO] uipage - {"vhost":{},"proxy":{},"name":["group1","group2","group3","group4","group1"]}
[2014-03-03 16:52:40.027] [INFO] uipage - It's saved!
[2014-03-03 16:53:02.501] [INFO] uipage - {"vhost":{},"proxy":{},"name":["group1","group2","group3","group4","group1","group1"]}
[2014-03-03 16:53:02.501] [INFO] uipage - {"vhost":{},"proxy":{},"port":8989}
[2014-03-03 16:53:20.611] [INFO] uipage - {"vhost":{},"proxy":{},"name":["group1","group2","group3","group4","group1","group1"]}
[2014-03-03 16:53:20.612] [INFO] uipage - {"vhost":{},"proxy":{},"port":8989}
[2014-03-03 16:54:32.028] [INFO] uipage - {"vhost":{},"proxy":{},"name":["group1","group2","group3","group4","group1","group1"]}
[2014-03-03 16:54:32.030] [INFO] uipage - {"vhost":{},"proxy":{},"port":8989}
[2014-03-03 17:05:49.805] [INFO] uipage - {"vhost":{},"proxy":{},"name":["group1","group2","group3","group4","group1","group1"]}
[2014-03-03 17:05:49.809] [INFO] uipage - {"vhost":{},"proxy":{},"port":8989}
