[2014-02-28 19:25:29.723] [INFO] operate - 服务已经启动
[2014-02-28 19:25:41.457] [INFO] operate - 服务已经关闭
[2014-02-28 19:26:09.143] [INFO] operate - The service will be closed~! by SIGINT
[2014-02-28 19:26:10.247] [INFO] operate - The service process has exited~!
[2014-02-28 19:58:03.055] [DEBUG] operate - config file update~! D:\node\express_fdserver\config.json
[2014-03-03 11:35:45.108] [INFO] operate - 服务已经启动
[2014-03-03 16:31:19.619] [INFO] operate - 服务已经启动
[2014-03-03 16:31:30.461] [INFO] operate - 服务已经关闭
[2014-03-03 16:31:32.990] [INFO] operate - 服务已经启动
[2014-03-03 16:32:24.242] [INFO] operate - install~!
[2014-03-03 16:32:29.382] [INFO] operate - 服务已注册，开启启动...
[2014-03-03 16:32:29.696] [INFO] operate - [worker8177]Server running at http://127.0.0.1:8123/
[2014-03-03 16:32:29.778] [INFO] operate - 请求: /?type=start
[2014-03-03 16:55:07.246] [INFO] operate - 请求: /?type=stop
[2014-03-03 16:55:07.248] [INFO] operate - The service will be closed~! by message[exit]
[2014-03-03 16:55:07.249] [INFO] operate - 服务已经关闭
[2014-03-03 16:55:07.765] [INFO] operate - The service process has exited~!
[2014-03-03 16:55:10.414] [INFO] operate - 请求: /?type=start
[2014-03-03 16:55:10.426] [INFO] operate - 服务已经启动
[2014-03-03 16:55:24.102] [INFO] operate - 请求: /?type=start
[2014-03-03 16:55:24.111] [INFO] operate - 服务已经启动
[2014-03-03 16:55:35.583] [INFO] operate - 请求: /?type=start
[2014-03-03 16:55:35.590] [INFO] operate - 服务已经启动
[2014-03-03 16:56:14.164] [INFO] operate - fd-Server uninstall~!
[2014-03-03 16:56:18.848] [INFO] operate - install~!
[2014-03-03 16:56:22.584] [INFO] operate - 服务已注册，开启启动...
[2014-03-03 16:56:22.885] [INFO] operate - [worker8276]Server running at http://127.0.0.1:8123/
[2014-03-03 16:56:22.981] [INFO] operate - 请求: /?type=start
[2014-03-03 16:56:42.989] [INFO] operate - 请求: /?type=start
[2014-03-03 16:56:42.996] [INFO] operate - 服务已经启动
[2014-03-03 16:56:47.971] [INFO] operate - fd-Server uninstall~!
[2014-03-03 16:56:52.501] [INFO] operate - install~!
[2014-03-03 16:56:56.658] [INFO] operate - 服务已注册，开启启动...
[2014-03-03 16:56:56.970] [INFO] operate - [worker8293]Server running at http://127.0.0.1:8123/
[2014-03-03 16:56:57.054] [INFO] operate - 请求: /?type=start
[2014-03-03 16:58:09.600] [INFO] operate - 请求: /?type=start
[2014-03-03 16:58:09.608] [INFO] operate - 服务已经启动
[2014-03-03 17:01:45.100] [INFO] operate - 请求: /?type=stop
[2014-03-03 17:01:45.108] [INFO] operate - Got error: socket hang up
[2014-03-03 17:01:45.107] [INFO] operate - [master] worker 8293 died
[2014-03-03 17:01:45.218] [INFO] operate - [worker8322]Server running at http://127.0.0.1:8123/
[2014-03-03 17:01:51.008] [INFO] operate - 请求: /?type=start
[2014-03-03 17:01:51.018] [INFO] operate - 服务已经启动
[2014-03-03 17:02:00.319] [INFO] operate - 请求: /?type=stop
[2014-03-03 17:02:00.327] [INFO] operate - [master] worker 8322 died
[2014-03-03 17:02:00.326] [INFO] operate - Got error: socket hang up
[2014-03-03 17:02:00.422] [INFO] operate - [worker8328]Server running at http://127.0.0.1:8123/
[2014-03-03 17:02:18.202] [INFO] operate - 请求: /?type=stop
[2014-03-03 17:02:18.208] [INFO] operate - 服务已经关闭
[2014-03-03 17:02:20.268] [INFO] operate - 请求: /?type=start
[2014-03-03 17:02:20.275] [INFO] operate - 服务已经启动
[2014-03-03 17:02:30.484] [INFO] operate - 请求: /?type=start
[2014-03-03 17:02:30.492] [INFO] operate - 服务已经启动
[2014-03-03 17:02:36.520] [INFO] operate - 请求: /?type=stop
[2014-03-03 17:02:36.533] [INFO] operate - [master] worker 8328 died
[2014-03-03 17:02:36.535] [INFO] operate - Got error: socket hang up
[2014-03-03 17:02:36.631] [INFO] operate - [worker8344]Server running at http://127.0.0.1:8123/
[2014-03-03 17:02:40.332] [INFO] operate - 请求: /?type=stop
[2014-03-03 17:02:40.337] [INFO] operate - 服务已经关闭
[2014-03-03 17:02:43.531] [INFO] operate - 请求: /?type=start
[2014-03-03 17:02:43.538] [INFO] operate - 服务已经启动
[2014-03-03 17:03:26.001] [INFO] operate - 请求: /?type=stop
[2014-03-03 17:03:26.008] [INFO] operate - [master] worker 8344 died
[2014-03-03 17:03:26.009] [INFO] operate - Got error: socket hang up
[2014-03-03 17:03:26.112] [INFO] operate - [worker8354]Server running at http://127.0.0.1:8123/
[2014-03-03 17:03:27.853] [INFO] operate - 请求: /?type=stop
[2014-03-03 17:03:27.859] [INFO] operate - 服务已经关闭
[2014-03-03 17:03:30.537] [INFO] operate - 请求: /?type=start
[2014-03-03 17:03:30.537] [INFO] operate - /Users/chenchen/fuqiang/dev/express_fdserver/server/
[2014-03-03 17:03:30.548] [INFO] operate - 服务已经启动
[2014-03-03 17:04:34.468] [INFO] operate - 请求: /?type=start
[2014-03-03 17:04:34.476] [INFO] operate - 服务已经启动
[2014-03-03 17:04:35.698] [INFO] operate - 服务已经启动
[2014-03-03 17:04:35.696] [INFO] operate - 请求: /?type=start
[2014-03-03 17:04:38.299] [INFO] operate - 请求: /?type=stop
[2014-03-03 17:04:38.305] [INFO] operate - [master] worker 8354 died
[2014-03-03 17:04:38.307] [INFO] operate - Got error: socket hang up
[2014-03-03 17:04:38.398] [INFO] operate - /Users/chenchen/fuqiang/dev/express_fdserver/server/start.js
[2014-03-03 17:04:38.403] [INFO] operate - [worker8384]Server running at http://127.0.0.1:8123/
[2014-03-03 17:04:39.299] [INFO] operate - 请求: /?type=stop
[2014-03-03 17:04:39.305] [INFO] operate - 服务已经关闭
[2014-03-03 17:04:41.587] [INFO] operate - 请求: /?type=stop
[2014-03-03 17:04:41.594] [INFO] operate - 服务已经关闭
[2014-03-03 17:04:44.436] [INFO] operate - 请求: /?type=start
[2014-03-03 17:04:44.449] [INFO] operate - 服务已经启动
[2014-03-03 17:05:40.148] [INFO] operate - 请求: /?type=start
[2014-03-03 17:05:40.156] [INFO] operate - 服务已经启动
[2014-03-03 17:05:43.409] [INFO] operate - 请求: /?type=stop
[2014-03-03 17:05:43.423] [INFO] operate - [master] worker 8384 died
[2014-03-03 17:05:43.425] [INFO] operate - Got error: socket hang up
[2014-03-03 17:05:43.527] [INFO] operate - [worker8407]Server running at http://127.0.0.1:8123/
[2014-03-03 17:05:44.920] [INFO] operate - 请求: /?type=stop
[2014-03-03 17:05:44.925] [INFO] operate - 服务已经关闭
[2014-03-03 17:05:47.383] [INFO] operate - 请求: /?type=start
[2014-03-03 17:05:47.395] [INFO] operate - 服务已经启动
